nohup: ignoring input
🚀 임베딩 모델(BAAI/bge-m3)을 로드합니다...
✅ 임베딩 모델 로드 완료.
📄 '개인금융채권의 관리 및 개인금융채무자의 보호에 관한 법률(법률)(제20369호)(20241017).pdf' 파일 처리 중...
📄 '개인정보 보호법(법률)(제19234호)(20250313) (1).pdf' 파일 처리 중...
📄 '거버넌스.pdf' 파일 처리 중...
📄 '경찰공무원 등의 개인정보 처리에 관한 규정(대통령령)(제35039호)(20241203).pdf' 파일 처리 중...
📄 '금융보안연구원.pdf' 파일 처리 중...
📄 '금융소비자 보호에 관한 법률(법률)(제20305호)(20240814).pdf' 파일 처리 중...
📄 '금융실명거래 및 비밀보장에 관한 법률 시행규칙(총리령)(제01406호)(20170726).pdf' 파일 처리 중...
📄 '랜섬웨어.pdf' 파일 처리 중...
📄 '마이데이터.pdf' 파일 처리 중...
📄 '메타버스.pdf' 파일 처리 중...
📄 '법원 개인정보 보호에 관한 규칙(대법원규칙)(제03109호)(20240315).pdf' 파일 처리 중...
📄 '아웃소싱.pdf' 파일 처리 중...
📄 '정보_보안.pdf' 파일 처리 중...
📄 '클라우드컴퓨팅 발전 및 이용자 보호에 관한 법률(법률)(제20732호)(20250131).pdf' 파일 처리 중...
✅ 총 249개의 문서(chunk)를 생성했습니다.
🧠 FAISS 벡터 DB를 생성합니다. 시간이 소요될 수 있습니다...
✅ 새로운 벡터 DB 구축 및 저장 완료: './faiss_index_laws'
